# Logfile created on 2013-09-24 10:47:59 +0200 by logger.rb/36483
D, [2013-09-24T10:47:59.117097 #3398] DEBUG -- : REQUESTING PAGE: GET / with {} and HTTP headers {}
D, [2013-09-24T10:47:59.146211 #3398] DEBUG -- : REQUESTING PAGE: GET /about with {} and HTTP headers {"HTTP_REFERER"=>"/"}
D, [2013-09-24T10:49:03.946717 #3458] DEBUG -- : REQUESTING PAGE: GET / with {} and HTTP headers {}
D, [2013-09-24T10:49:04.024119 #3458] DEBUG -- : REQUESTING PAGE: GET /about with {} and HTTP headers {"HTTP_REFERER"=>"/"}
D, [2013-09-24T10:49:56.400866 #3536] DEBUG -- : REQUESTING PAGE: GET / with {} and HTTP headers {}
D, [2013-09-24T10:49:56.432800 #3536] DEBUG -- : REQUESTING PAGE: GET /about with {} and HTTP headers {"HTTP_REFERER"=>"/"}
D, [2013-09-24T10:50:39.470612 #3551] DEBUG -- : REQUESTING PAGE: GET / with {} and HTTP headers {}
D, [2013-09-24T10:50:39.505388 #3551] DEBUG -- : REQUESTING PAGE: GET /about with {} and HTTP headers {"HTTP_REFERER"=>"/"}
D, [2013-09-24T10:59:53.236451 #3794] DEBUG -- : REQUESTING PAGE: GET / with {} and HTTP headers {}
D, [2013-09-24T10:59:53.267740 #3794] DEBUG -- : REQUESTING PAGE: GET /about with {} and HTTP headers {"HTTP_REFERER"=>"/"}
D, [2013-09-24T11:00:32.732262 #3837] DEBUG -- : REQUESTING PAGE: GET / with {} and HTTP headers {}
D, [2013-09-24T11:00:32.799950 #3837] DEBUG -- : REQUESTING PAGE: GET /about with {} and HTTP headers {"HTTP_REFERER"=>"/"}
D, [2013-09-24T11:01:49.171006 #3881] DEBUG -- : REQUESTING PAGE: GET / with {} and HTTP headers {}
D, [2013-09-24T11:01:49.202060 #3881] DEBUG -- : REQUESTING PAGE: GET /about with {} and HTTP headers {"HTTP_REFERER"=>"/"}
D, [2013-09-24T11:05:07.042782 #4043] DEBUG -- : REQUESTING PAGE: GET / with {} and HTTP headers {}
D, [2013-09-24T11:05:07.112134 #4043] DEBUG -- : REQUESTING PAGE: GET /about with {} and HTTP headers {"HTTP_REFERER"=>"/"}
D, [2013-09-24T11:16:02.985802 #4737] DEBUG -- : REQUESTING PAGE: GET / with {} and HTTP headers {}
D, [2013-09-24T11:16:03.050943 #4737] DEBUG -- : REQUESTING PAGE: GET /about with {} and HTTP headers {"HTTP_REFERER"=>"/"}
D, [2013-09-24T11:16:47.818402 #4771] DEBUG -- : REQUESTING PAGE: GET / with {} and HTTP headers {}
D, [2013-09-24T11:16:47.849814 #4771] DEBUG -- : REQUESTING PAGE: GET /about with {} and HTTP headers {"HTTP_REFERER"=>"/"}
D, [2013-09-24T11:19:09.103982 #4850] DEBUG -- : REQUESTING PAGE: GET / with {} and HTTP headers {}
D, [2013-09-24T11:19:09.134821 #4850] DEBUG -- : REQUESTING PAGE: GET /about with {} and HTTP headers {"HTTP_REFERER"=>"/"}
D, [2013-09-24T11:25:16.070599 #4982] DEBUG -- : REQUESTING PAGE: GET / with {} and HTTP headers {}
D, [2013-09-24T11:25:16.100732 #4982] DEBUG -- : REQUESTING PAGE: GET /about with {} and HTTP headers {"HTTP_REFERER"=>"/"}
D, [2013-09-24T11:29:24.446363 #5027] DEBUG -- : REQUESTING PAGE: GET /about with {} and HTTP headers {}
D, [2013-09-24T11:36:42.325766 #5525] DEBUG -- : REQUESTING PAGE: GET /about with {} and HTTP headers {}
D, [2013-09-24T11:41:25.657075 #5600] DEBUG -- : REQUESTING PAGE: GET /about with {} and HTTP headers {}
D, [2013-09-24T11:41:25.695707 #5600] DEBUG -- : REQUESTING PAGE: GET /contact with {} and HTTP headers {"HTTP_REFERER"=>"/about"}
D, [2013-09-24T11:48:41.605148 #5692] DEBUG -- : REQUESTING PAGE: GET /about with {} and HTTP headers {}
D, [2013-09-24T11:49:30.207802 #5716] DEBUG -- : REQUESTING PAGE: GET /about with {} and HTTP headers {}
D, [2013-09-24T11:49:30.239179 #5716] DEBUG -- : REQUESTING PAGE: GET /contact with {} and HTTP headers {}
D, [2013-09-24T11:50:28.593589 #5733] DEBUG -- : REQUESTING PAGE: GET /about with {} and HTTP headers {}
D, [2013-09-24T11:50:28.625936 #5733] DEBUG -- : REQUESTING PAGE: GET /contact with {} and HTTP headers {}
D, [2013-09-24T18:02:20.591293 #13413] DEBUG -- : REQUESTING PAGE: GET /about with {} and HTTP headers {}
D, [2013-09-24T18:02:20.659879 #13413] DEBUG -- : REQUESTING PAGE: GET /contact with {} and HTTP headers {}
D, [2013-09-24T18:04:18.763520 #13489] DEBUG -- : REQUESTING PAGE: GET /contact with {} and HTTP headers {}
D, [2013-09-24T18:04:18.831599 #13489] DEBUG -- : REQUESTING PAGE: GET /about with {} and HTTP headers {}
D, [2013-09-24T21:57:51.274735 #2470] DEBUG -- : REQUESTING PAGE: GET /about with {} and HTTP headers {}
D, [2013-09-24T21:57:51.506138 #2470] DEBUG -- : REQUESTING PAGE: GET /contact with {} and HTTP headers {}
D, [2013-09-24T22:00:12.419304 #2655] DEBUG -- : REQUESTING PAGE: GET /contact with {} and HTTP headers {}
D, [2013-09-24T22:00:12.455732 #2655] DEBUG -- : REQUESTING PAGE: GET /about with {} and HTTP headers {}
D, [2013-09-24T22:00:34.370055 #2674] DEBUG -- : REQUESTING PAGE: GET /about with {} and HTTP headers {}
D, [2013-09-24T22:00:34.407665 #2674] DEBUG -- : REQUESTING PAGE: GET /contact with {} and HTTP headers {}
D, [2013-09-24T22:03:03.642720 #2687] DEBUG -- : REQUESTING PAGE: GET /about with {} and HTTP headers {}
D, [2013-09-24T22:03:03.680297 #2687] DEBUG -- : REQUESTING PAGE: GET /contact with {} and HTTP headers {}
D, [2013-09-24T22:03:26.729688 #2696] DEBUG -- : REQUESTING PAGE: GET /about with {} and HTTP headers {}
D, [2013-09-24T22:03:26.794921 #2696] DEBUG -- : REQUESTING PAGE: GET /contact with {} and HTTP headers {}
D, [2013-09-24T22:06:33.328294 #2828] DEBUG -- : REQUESTING PAGE: GET /about with {} and HTTP headers {}
D, [2013-09-24T22:06:33.404563 #2828] DEBUG -- : REQUESTING PAGE: GET /contact with {} and HTTP headers {}
D, [2013-09-24T22:06:45.789829 #2837] DEBUG -- : REQUESTING PAGE: GET /about with {} and HTTP headers {}
D, [2013-09-24T22:06:45.855808 #2837] DEBUG -- : REQUESTING PAGE: GET /contact with {} and HTTP headers {}
D, [2013-09-24T22:41:58.380064 #3165] DEBUG -- : REQUESTING PAGE: GET /contact with {} and HTTP headers {}
D, [2013-09-24T22:41:58.458664 #3165] DEBUG -- : REQUESTING PAGE: GET /about with {} and HTTP headers {}
D, [2013-09-24T22:45:32.070902 #3241] DEBUG -- : REQUESTING PAGE: GET /about with {} and HTTP headers {}
D, [2013-09-24T22:45:32.137444 #3241] DEBUG -- : REQUESTING PAGE: GET /contact with {} and HTTP headers {}
D, [2013-09-24T22:47:30.336678 #3265] DEBUG -- : REQUESTING PAGE: GET /about with {} and HTTP headers {}
D, [2013-09-24T22:47:30.375990 #3265] DEBUG -- : REQUESTING PAGE: GET /contact with {} and HTTP headers {}
D, [2013-09-24T22:47:40.004216 #3274] DEBUG -- : REQUESTING PAGE: GET /about with {} and HTTP headers {}
D, [2013-09-24T22:47:40.072080 #3274] DEBUG -- : REQUESTING PAGE: GET /contact with {} and HTTP headers {}
D, [2013-09-24T22:48:15.733804 #3284] DEBUG -- : REQUESTING PAGE: GET /about with {} and HTTP headers {}
D, [2013-09-24T22:48:15.773958 #3284] DEBUG -- : REQUESTING PAGE: GET /contact with {} and HTTP headers {}
D, [2013-09-24T22:51:58.219424 #3332] DEBUG -- : REQUESTING PAGE: GET /about with {} and HTTP headers {}
D, [2013-09-24T22:51:58.257297 #3332] DEBUG -- : REQUESTING PAGE: GET /contact with {} and HTTP headers {}
D, [2013-09-24T22:52:28.376060 #3346] DEBUG -- : REQUESTING PAGE: GET /about with {} and HTTP headers {}
D, [2013-09-24T22:52:28.413610 #3346] DEBUG -- : REQUESTING PAGE: GET /contact with {} and HTTP headers {}
D, [2013-09-24T22:52:58.858347 #3355] DEBUG -- : REQUESTING PAGE: GET /contact with {} and HTTP headers {}
D, [2013-09-24T22:52:58.934177 #3355] DEBUG -- : REQUESTING PAGE: GET /about with {} and HTTP headers {}
D, [2013-09-24T22:53:22.015297 #3370] DEBUG -- : REQUESTING PAGE: GET /contact with {} and HTTP headers {}
D, [2013-09-24T22:53:22.081582 #3370] DEBUG -- : REQUESTING PAGE: GET /about with {} and HTTP headers {}
D, [2013-09-24T23:45:25.290406 #3630] DEBUG -- : REQUESTING PAGE: GET /about with {} and HTTP headers {}
D, [2013-09-24T23:45:25.338049 #3630] DEBUG -- : REQUESTING PAGE: GET /contact with {} and HTTP headers {}
D, [2013-09-24T23:46:09.659339 #3645] DEBUG -- : REQUESTING PAGE: GET /about with {} and HTTP headers {}
D, [2013-09-24T23:46:09.696787 #3645] DEBUG -- : REQUESTING PAGE: GET /contact with {} and HTTP headers {}
D, [2013-09-24T23:50:25.439219 #3716] DEBUG -- : REQUESTING PAGE: GET /about with {} and HTTP headers {}
D, [2013-09-24T23:50:25.505282 #3716] DEBUG -- : REQUESTING PAGE: GET /contact with {} and HTTP headers {}
D, [2013-09-24T23:50:41.576880 #3731] DEBUG -- : REQUESTING PAGE: GET /about with {} and HTTP headers {}
D, [2013-09-24T23:50:41.608973 #3731] DEBUG -- : REQUESTING PAGE: GET /contact with {} and HTTP headers {}
D, [2013-09-24T23:58:41.512433 #3903] DEBUG -- : REQUESTING PAGE: GET /contact with {} and HTTP headers {}
D, [2013-09-24T23:58:41.550533 #3903] DEBUG -- : REQUESTING PAGE: GET /about with {} and HTTP headers {}
D, [2013-09-25T10:17:55.985420 #3056] DEBUG -- : REQUESTING PAGE: GET /about with {} and HTTP headers {}
D, [2013-09-25T10:17:56.066036 #3056] DEBUG -- : REQUESTING PAGE: GET /contact with {} and HTTP headers {}
D, [2013-09-25T10:19:39.733278 #3131] DEBUG -- : REQUESTING PAGE: GET /about with {} and HTTP headers {}
D, [2013-09-25T10:19:39.778891 #3131] DEBUG -- : REQUESTING PAGE: GET /contact with {} and HTTP headers {}
D, [2013-09-25T10:41:25.407984 #3381] DEBUG -- : REQUESTING PAGE: GET /about with {} and HTTP headers {}
D, [2013-09-25T10:41:25.441776 #3381] DEBUG -- : REQUESTING PAGE: GET /contact with {} and HTTP headers {}
D, [2013-09-25T10:42:11.493237 #3390] DEBUG -- : REQUESTING PAGE: GET /about with {} and HTTP headers {}
D, [2013-09-25T10:42:11.537896 #3390] DEBUG -- : REQUESTING PAGE: GET /contact with {} and HTTP headers {}
D, [2013-09-25T10:45:21.020250 #3426] DEBUG -- : REQUESTING PAGE: GET /about with {} and HTTP headers {}
D, [2013-09-25T10:45:21.051870 #3426] DEBUG -- : REQUESTING PAGE: GET /contact with {} and HTTP headers {}
D, [2013-09-25T10:46:19.180911 #3435] DEBUG -- : REQUESTING PAGE: GET /about with {} and HTTP headers {}
D, [2013-09-25T10:46:19.215015 #3435] DEBUG -- : REQUESTING PAGE: GET /contact with {} and HTTP headers {}
D, [2013-09-25T10:47:33.168521 #3450] DEBUG -- : REQUESTING PAGE: GET /about with {} and HTTP headers {}
D, [2013-09-25T10:47:33.200732 #3450] DEBUG -- : REQUESTING PAGE: GET /contact with {} and HTTP headers {}
D, [2013-09-25T10:52:08.715205 #3498] DEBUG -- : REQUESTING PAGE: GET /about with {} and HTTP headers {}
D, [2013-09-25T10:52:08.758719 #3498] DEBUG -- : REQUESTING PAGE: GET /contact with {} and HTTP headers {}
D, [2013-09-25T10:53:51.196637 #3508] DEBUG -- : REQUESTING PAGE: GET /about with {} and HTTP headers {}
D, [2013-09-25T10:53:51.228807 #3508] DEBUG -- : REQUESTING PAGE: GET /contact with {} and HTTP headers {}
D, [2013-09-25T10:54:14.502417 #3517] DEBUG -- : REQUESTING PAGE: GET /about with {} and HTTP headers {}
D, [2013-09-25T10:54:14.548998 #3517] DEBUG -- : REQUESTING PAGE: GET /contact with {} and HTTP headers {}
D, [2013-09-25T10:54:43.972155 #3526] DEBUG -- : REQUESTING PAGE: GET /about with {} and HTTP headers {}
D, [2013-09-25T10:54:44.002743 #3526] DEBUG -- : REQUESTING PAGE: GET /contact with {} and HTTP headers {}
D, [2013-09-25T10:54:57.231846 #3535] DEBUG -- : REQUESTING PAGE: GET /about with {} and HTTP headers {}
D, [2013-09-25T10:54:57.275499 #3535] DEBUG -- : REQUESTING PAGE: GET /contact with {} and HTTP headers {}
D, [2013-09-25T10:55:57.554955 #3549] DEBUG -- : REQUESTING PAGE: GET /about with {} and HTTP headers {}
D, [2013-09-25T10:55:57.586442 #3549] DEBUG -- : REQUESTING PAGE: GET /contact with {} and HTTP headers {}
D, [2013-09-25T10:57:50.611113 #3560] DEBUG -- : REQUESTING PAGE: GET /about with {} and HTTP headers {}
D, [2013-09-25T10:57:50.679511 #3560] DEBUG -- : REQUESTING PAGE: GET /contact with {} and HTTP headers {}
D, [2013-09-25T10:58:06.793945 #3570] DEBUG -- : REQUESTING PAGE: GET /about with {} and HTTP headers {}
D, [2013-09-25T10:58:06.825242 #3570] DEBUG -- : REQUESTING PAGE: GET /contact with {} and HTTP headers {}
D, [2013-09-25T10:59:27.810697 #3585] DEBUG -- : REQUESTING PAGE: GET /about with {} and HTTP headers {}
D, [2013-09-25T10:59:27.844119 #3585] DEBUG -- : REQUESTING PAGE: GET /contact with {} and HTTP headers {}
D, [2013-09-25T11:01:32.485497 #3632] DEBUG -- : REQUESTING PAGE: GET /about with {} and HTTP headers {}
D, [2013-09-25T11:01:32.518447 #3632] DEBUG -- : REQUESTING PAGE: GET /contact with {} and HTTP headers {}
D, [2013-09-25T11:01:43.190967 #3647] DEBUG -- : REQUESTING PAGE: GET /about with {} and HTTP headers {}
D, [2013-09-25T11:01:43.222637 #3647] DEBUG -- : REQUESTING PAGE: GET /contact with {} and HTTP headers {}
D, [2013-09-25T11:03:17.683846 #3664] DEBUG -- : REQUESTING PAGE: GET /about with {} and HTTP headers {}
D, [2013-09-25T11:03:17.729201 #3664] DEBUG -- : REQUESTING PAGE: GET /contact with {} and HTTP headers {}
D, [2013-09-25T11:04:02.059334 #3681] DEBUG -- : REQUESTING PAGE: GET /about with {} and HTTP headers {}
D, [2013-09-25T11:04:02.092370 #3681] DEBUG -- : REQUESTING PAGE: GET /contact with {} and HTTP headers {}
D, [2013-09-25T11:04:12.944559 #3702] DEBUG -- : REQUESTING PAGE: GET /about with {} and HTTP headers {}
D, [2013-09-25T11:04:12.976158 #3702] DEBUG -- : REQUESTING PAGE: GET /contact with {} and HTTP headers {}
D, [2013-09-25T11:05:38.202663 #3722] DEBUG -- : REQUESTING PAGE: GET /about with {} and HTTP headers {}
D, [2013-09-25T11:05:38.247705 #3722] DEBUG -- : REQUESTING PAGE: GET /contact with {} and HTTP headers {}
D, [2013-09-25T11:05:55.867378 #3736] DEBUG -- : REQUESTING PAGE: GET /contact with {} and HTTP headers {}
D, [2013-09-25T11:05:55.901823 #3736] DEBUG -- : REQUESTING PAGE: GET /about with {} and HTTP headers {}
D, [2013-09-25T11:14:42.362190 #3784] DEBUG -- : REQUESTING PAGE: GET /about with {} and HTTP headers {}
D, [2013-09-25T11:14:42.394174 #3784] DEBUG -- : REQUESTING PAGE: GET /contact with {} and HTTP headers {}
D, [2013-09-25T11:25:51.569728 #4025] DEBUG -- : REQUESTING PAGE: GET /about with {} and HTTP headers {}
D, [2013-09-25T11:25:51.602131 #4025] DEBUG -- : REQUESTING PAGE: GET /contact with {} and HTTP headers {}
D, [2013-09-26T11:56:50.111361 #23282] DEBUG -- : REQUESTING PAGE: GET /about with {} and HTTP headers {}
D, [2013-09-26T11:56:50.255065 #23282] DEBUG -- : REQUESTING PAGE: GET /contact with {} and HTTP headers {}
D, [2013-09-26T11:58:08.561140 #23291] DEBUG -- : REQUESTING PAGE: GET /about with {} and HTTP headers {}
D, [2013-09-26T11:58:08.649229 #23291] DEBUG -- : REQUESTING PAGE: GET /contact with {} and HTTP headers {}
D, [2013-09-26T12:01:13.514079 #23336] DEBUG -- : REQUESTING PAGE: GET /about with {} and HTTP headers {}
D, [2013-09-26T12:01:13.554184 #23336] DEBUG -- : REQUESTING PAGE: GET /contact with {} and HTTP headers {}
D, [2013-09-26T12:02:02.586148 #23361] DEBUG -- : REQUESTING PAGE: GET /contact with {} and HTTP headers {}
D, [2013-09-26T12:02:02.666993 #23361] DEBUG -- : REQUESTING PAGE: GET /about with {} and HTTP headers {}
D, [2013-09-26T12:04:39.404405 #23373] DEBUG -- : REQUESTING PAGE: GET /about with {} and HTTP headers {}
D, [2013-09-26T12:04:39.442655 #23373] DEBUG -- : REQUESTING PAGE: GET /contact with {} and HTTP headers {}
D, [2013-09-26T12:04:51.571617 #23396] DEBUG -- : REQUESTING PAGE: GET /about with {} and HTTP headers {}
D, [2013-09-26T12:04:51.610094 #23396] DEBUG -- : REQUESTING PAGE: GET /contact with {} and HTTP headers {}
D, [2013-09-26T12:06:24.278084 #23405] DEBUG -- : REQUESTING PAGE: GET /contact with {} and HTTP headers {}
D, [2013-09-26T12:06:24.315982 #23405] DEBUG -- : REQUESTING PAGE: GET /about with {} and HTTP headers {}
D, [2013-09-26T12:06:45.476034 #23414] DEBUG -- : REQUESTING PAGE: GET /contact with {} and HTTP headers {}
D, [2013-09-26T12:06:45.515730 #23414] DEBUG -- : REQUESTING PAGE: GET /about with {} and HTTP headers {}
D, [2013-09-26T12:06:53.116161 #23423] DEBUG -- : REQUESTING PAGE: GET /about with {} and HTTP headers {}
D, [2013-09-26T12:06:53.156620 #23423] DEBUG -- : REQUESTING PAGE: GET /contact with {} and HTTP headers {}
D, [2013-09-26T12:07:08.118437 #23438] DEBUG -- : REQUESTING PAGE: GET /about with {} and HTTP headers {}
D, [2013-09-26T12:07:08.157111 #23438] DEBUG -- : REQUESTING PAGE: GET /contact with {} and HTTP headers {}
D, [2013-09-26T12:07:23.761449 #23447] DEBUG -- : REQUESTING PAGE: GET /contact with {} and HTTP headers {}
D, [2013-09-26T12:07:23.835355 #23447] DEBUG -- : REQUESTING PAGE: GET /about with {} and HTTP headers {}
D, [2013-09-26T12:08:30.885151 #23470] DEBUG -- : REQUESTING PAGE: GET /contact with {} and HTTP headers {}
D, [2013-09-26T12:08:30.972532 #23470] DEBUG -- : REQUESTING PAGE: GET /about with {} and HTTP headers {}
D, [2013-09-26T12:11:03.028076 #23503] DEBUG -- : REQUESTING PAGE: GET /contact with {} and HTTP headers {}
D, [2013-09-26T12:11:03.065819 #23503] DEBUG -- : REQUESTING PAGE: GET /about with {} and HTTP headers {}
D, [2013-09-26T12:20:16.773569 #23529] DEBUG -- : REQUESTING PAGE: GET /contact with {} and HTTP headers {}
D, [2013-09-26T12:20:16.811015 #23529] DEBUG -- : REQUESTING PAGE: GET /about with {} and HTTP headers {}
D, [2013-09-26T12:20:38.596127 #23538] DEBUG -- : REQUESTING PAGE: GET /about with {} and HTTP headers {}
D, [2013-09-26T12:20:38.634754 #23538] DEBUG -- : REQUESTING PAGE: GET /contact with {} and HTTP headers {}
D, [2013-09-26T12:21:27.354915 #23553] DEBUG -- : REQUESTING PAGE: GET /about with {} and HTTP headers {}
D, [2013-09-26T12:21:27.395335 #23553] DEBUG -- : REQUESTING PAGE: GET /contact with {} and HTTP headers {}
D, [2013-09-26T14:09:54.471456 #27033] DEBUG -- : REQUESTING PAGE: GET /about with {} and HTTP headers {}
D, [2013-09-26T14:09:54.543179 #27033] DEBUG -- : REQUESTING PAGE: GET /contact with {} and HTTP headers {}
D, [2013-09-26T14:13:21.704802 #27060] DEBUG -- : REQUESTING PAGE: GET /about with {} and HTTP headers {}
D, [2013-09-26T14:13:21.776973 #27060] DEBUG -- : REQUESTING PAGE: GET /contact with {} and HTTP headers {}
D, [2013-09-26T14:47:58.199977 #27925] DEBUG -- : REQUESTING PAGE: GET /contact with {} and HTTP headers {}
D, [2013-09-26T14:47:58.233080 #27925] DEBUG -- : REQUESTING PAGE: GET /about with {} and HTTP headers {}
D, [2013-09-28T20:07:15.610189 #6570] DEBUG -- : REQUESTING PAGE: GET /about with {} and HTTP headers {}
D, [2013-09-28T20:07:15.691539 #6570] DEBUG -- : REQUESTING PAGE: GET /contact with {} and HTTP headers {}
D, [2013-09-28T20:13:12.051334 #7035] DEBUG -- : REQUESTING PAGE: GET /about with {} and HTTP headers {}
D, [2013-09-28T20:13:12.085275 #7035] DEBUG -- : REQUESTING PAGE: GET /contact with {} and HTTP headers {}
D, [2013-09-28T20:18:08.976114 #7378] DEBUG -- : REQUESTING PAGE: GET /about with {} and HTTP headers {}
D, [2013-09-28T20:18:09.013966 #7378] DEBUG -- : REQUESTING PAGE: GET /contact with {} and HTTP headers {}
D, [2013-09-28T20:21:34.102265 #7622] DEBUG -- : REQUESTING PAGE: GET /about with {} and HTTP headers {}
D, [2013-09-28T20:21:34.136766 #7622] DEBUG -- : REQUESTING PAGE: GET /contact with {} and HTTP headers {}
D, [2013-09-28T20:21:49.960364 #7651] DEBUG -- : REQUESTING PAGE: GET /contact with {} and HTTP headers {}
D, [2013-09-28T20:21:50.004694 #7651] DEBUG -- : REQUESTING PAGE: GET /about with {} and HTTP headers {}
D, [2013-09-28T20:23:31.093453 #7824] DEBUG -- : REQUESTING PAGE: GET /about with {} and HTTP headers {}
D, [2013-09-28T20:23:31.144959 #7824] DEBUG -- : REQUESTING PAGE: GET /contact with {} and HTTP headers {}
D, [2013-09-28T20:24:06.062602 #7868] DEBUG -- : REQUESTING PAGE: GET /about with {} and HTTP headers {}
D, [2013-09-28T20:24:06.110765 #7868] DEBUG -- : REQUESTING PAGE: GET /contact with {} and HTTP headers {}
D, [2013-09-28T20:25:19.699125 #7953] DEBUG -- : REQUESTING PAGE: GET /contact with {} and HTTP headers {}
D, [2013-09-28T20:25:19.748127 #7953] DEBUG -- : REQUESTING PAGE: GET /about with {} and HTTP headers {}
D, [2013-09-28T20:25:32.669095 #7974] DEBUG -- : REQUESTING PAGE: GET /contact with {} and HTTP headers {}
D, [2013-09-28T20:25:32.702175 #7974] DEBUG -- : REQUESTING PAGE: GET /about with {} and HTTP headers {}
D, [2013-09-28T20:29:38.459307 #18535] DEBUG -- : REQUESTING PAGE: GET /about with {} and HTTP headers {}
D, [2013-09-28T20:29:38.533076 #18535] DEBUG -- : REQUESTING PAGE: GET /contact with {} and HTTP headers {}
D, [2013-09-28T20:32:04.828643 #18681] DEBUG -- : REQUESTING PAGE: GET /contact with {} and HTTP headers {}
D, [2013-09-28T20:32:04.888584 #18681] DEBUG -- : REQUESTING PAGE: GET /about with {} and HTTP headers {}
D, [2013-09-28T20:33:44.392500 #18804] DEBUG -- : REQUESTING PAGE: GET /about with {} and HTTP headers {}
D, [2013-09-28T20:33:44.424750 #18804] DEBUG -- : REQUESTING PAGE: GET /contact with {} and HTTP headers {}
D, [2013-09-28T20:34:37.587263 #18863] DEBUG -- : REQUESTING PAGE: GET /about with {} and HTTP headers {}
D, [2013-09-28T20:34:37.633327 #18863] DEBUG -- : REQUESTING PAGE: GET /contact with {} and HTTP headers {}
D, [2013-09-28T20:37:03.945380 #19023] DEBUG -- : REQUESTING PAGE: GET /about with {} and HTTP headers {}
D, [2013-09-28T20:37:03.986304 #19023] DEBUG -- : REQUESTING PAGE: GET /contact with {} and HTTP headers {}
D, [2013-09-28T20:37:21.194205 #19048] DEBUG -- : REQUESTING PAGE: GET /about with {} and HTTP headers {}
D, [2013-09-28T20:37:21.232963 #19048] DEBUG -- : REQUESTING PAGE: GET /contact with {} and HTTP headers {}
D, [2013-09-28T20:50:31.172093 #20088] DEBUG -- : REQUESTING PAGE: GET /about with {} and HTTP headers {}
D, [2013-09-28T20:50:31.227661 #20088] DEBUG -- : REQUESTING PAGE: GET /contact with {} and HTTP headers {}
D, [2013-09-28T20:57:59.485590 #20489] DEBUG -- : REQUESTING PAGE: GET /about with {} and HTTP headers {}
D, [2013-09-28T20:57:59.523192 #20489] DEBUG -- : REQUESTING PAGE: GET /contact with {} and HTTP headers {}
D, [2013-09-29T06:01:33.550089 #13847] DEBUG -- : REQUESTING PAGE: GET /about with {} and HTTP headers {}
D, [2013-09-29T06:01:33.691615 #13847] DEBUG -- : REQUESTING PAGE: GET /contact with {} and HTTP headers {}
D, [2013-09-29T06:03:45.507837 #13877] DEBUG -- : REQUESTING PAGE: GET /about with {} and HTTP headers {}
D, [2013-09-29T06:03:45.540273 #13877] DEBUG -- : REQUESTING PAGE: GET /contact with {} and HTTP headers {}
D, [2013-09-29T06:05:26.272662 #13886] DEBUG -- : REQUESTING PAGE: GET /contact with {} and HTTP headers {}
D, [2013-09-29T06:05:26.303410 #13886] DEBUG -- : REQUESTING PAGE: GET /about with {} and HTTP headers {}
D, [2013-09-29T06:07:36.338777 #13896] DEBUG -- : REQUESTING PAGE: GET /about with {} and HTTP headers {}
D, [2013-09-29T06:07:36.382377 #13896] DEBUG -- : REQUESTING PAGE: GET /contact with {} and HTTP headers {}
D, [2013-09-29T06:09:41.585516 #13914] DEBUG -- : REQUESTING PAGE: GET /about with {} and HTTP headers {}
D, [2013-09-29T06:09:41.637700 #13914] DEBUG -- : REQUESTING PAGE: GET /contact with {} and HTTP headers {}
D, [2013-09-29T06:10:58.078499 #13977] DEBUG -- : REQUESTING PAGE: GET /contact with {} and HTTP headers {}
D, [2013-09-29T06:10:58.136346 #13977] DEBUG -- : REQUESTING PAGE: GET /about with {} and HTTP headers {}
D, [2013-09-29T06:11:22.376893 #13986] DEBUG -- : REQUESTING PAGE: GET /about with {} and HTTP headers {}
D, [2013-09-29T06:11:22.428130 #13986] DEBUG -- : REQUESTING PAGE: GET /contact with {} and HTTP headers {}
D, [2013-09-29T06:14:57.331584 #14045] DEBUG -- : REQUESTING PAGE: GET /about with {} and HTTP headers {}
D, [2013-09-29T06:14:57.366019 #14045] DEBUG -- : REQUESTING PAGE: GET /contact with {} and HTTP headers {}
D, [2013-09-29T06:15:07.911676 #14075] DEBUG -- : REQUESTING PAGE: GET /contact with {} and HTTP headers {}
D, [2013-09-29T06:15:07.963239 #14075] DEBUG -- : REQUESTING PAGE: GET /about with {} and HTTP headers {}
D, [2013-09-29T06:15:42.613141 #14084] DEBUG -- : REQUESTING PAGE: GET /contact with {} and HTTP headers {}
D, [2013-09-29T06:15:42.656742 #14084] DEBUG -- : REQUESTING PAGE: GET /about with {} and HTTP headers {}
D, [2013-09-29T06:15:59.061914 #14093] DEBUG -- : REQUESTING PAGE: GET /about with {} and HTTP headers {}
D, [2013-09-29T06:15:59.111018 #14093] DEBUG -- : REQUESTING PAGE: GET /contact with {} and HTTP headers {}
D, [2013-09-29T06:17:27.100341 #14105] DEBUG -- : REQUESTING PAGE: GET /contact with {} and HTTP headers {}
D, [2013-09-29T06:17:27.144955 #14105] DEBUG -- : REQUESTING PAGE: GET /about with {} and HTTP headers {}
D, [2013-09-29T06:18:04.278918 #14115] DEBUG -- : REQUESTING PAGE: GET /about with {} and HTTP headers {}
D, [2013-09-29T06:18:04.335173 #14115] DEBUG -- : REQUESTING PAGE: GET /contact with {} and HTTP headers {}
D, [2013-09-29T06:27:05.552479 #14184] DEBUG -- : REQUESTING PAGE: GET /about with {} and HTTP headers {}
D, [2013-09-29T06:27:05.604987 #14184] DEBUG -- : REQUESTING PAGE: GET /contact with {} and HTTP headers {}
D, [2013-09-29T06:28:31.266332 #14195] DEBUG -- : REQUESTING PAGE: GET /about with {} and HTTP headers {}
D, [2013-09-29T06:28:31.297507 #14195] DEBUG -- : REQUESTING PAGE: GET /contact with {} and HTTP headers {}
D, [2013-09-29T06:34:54.483132 #14286] DEBUG -- : REQUESTING PAGE: GET /about with {} and HTTP headers {}
D, [2013-09-29T06:34:54.516231 #14286] DEBUG -- : REQUESTING PAGE: GET /contact with {} and HTTP headers {}
D, [2013-09-29T06:35:07.513270 #14295] DEBUG -- : REQUESTING PAGE: GET /about with {} and HTTP headers {}
D, [2013-09-29T06:35:07.560248 #14295] DEBUG -- : REQUESTING PAGE: GET /contact with {} and HTTP headers {}
D, [2013-09-29T06:36:17.483397 #14304] DEBUG -- : REQUESTING PAGE: GET /contact with {} and HTTP headers {}
D, [2013-09-29T06:36:17.517368 #14304] DEBUG -- : REQUESTING PAGE: GET /about with {} and HTTP headers {}
D, [2013-09-29T06:37:11.467170 #14313] DEBUG -- : REQUESTING PAGE: GET /contact with {} and HTTP headers {}
D, [2013-09-29T06:37:11.502055 #14313] DEBUG -- : REQUESTING PAGE: GET /about with {} and HTTP headers {}
D, [2013-09-29T06:40:37.049256 #14329] DEBUG -- : REQUESTING PAGE: GET /about with {} and HTTP headers {}
D, [2013-09-29T06:40:37.081966 #14329] DEBUG -- : REQUESTING PAGE: GET /contact with {} and HTTP headers {}
D, [2013-09-29T07:16:38.461082 #14956] DEBUG -- : REQUESTING PAGE: GET /about with {} and HTTP headers {}
D, [2013-09-29T07:16:38.530983 #14956] DEBUG -- : REQUESTING PAGE: GET /contact with {} and HTTP headers {}
D, [2013-09-29T07:20:40.535465 #15117] DEBUG -- : REQUESTING PAGE: GET /about with {} and HTTP headers {}
D, [2013-09-29T07:20:40.567397 #15117] DEBUG -- : REQUESTING PAGE: GET /contact with {} and HTTP headers {}
D, [2013-09-29T07:28:02.596907 #15207] DEBUG -- : REQUESTING PAGE: GET /about with {} and HTTP headers {}
D, [2013-09-29T07:28:02.627719 #15207] DEBUG -- : REQUESTING PAGE: GET /contact with {} and HTTP headers {}
D, [2013-09-29T07:32:27.129991 #15325] DEBUG -- : REQUESTING PAGE: GET /about with {} and HTTP headers {}
D, [2013-09-29T07:32:27.161502 #15325] DEBUG -- : REQUESTING PAGE: GET /contact with {} and HTTP headers {}
D, [2013-09-29T07:34:36.308499 #15393] DEBUG -- : REQUESTING PAGE: GET /about with {} and HTTP headers {}
D, [2013-09-29T07:34:36.693339 #15393] DEBUG -- : REQUESTING PAGE: GET /contact with {} and HTTP headers {}
D, [2013-09-29T07:37:39.335725 #15402] DEBUG -- : REQUESTING PAGE: GET /about with {} and HTTP headers {}
D, [2013-09-29T07:37:39.394617 #15402] DEBUG -- : REQUESTING PAGE: GET /contact with {} and HTTP headers {}
D, [2013-09-29T07:40:44.484949 #15427] DEBUG -- : REQUESTING PAGE: GET /about with {} and HTTP headers {}
D, [2013-09-29T07:40:44.531247 #15427] DEBUG -- : REQUESTING PAGE: GET /contact with {} and HTTP headers {}
D, [2013-09-29T07:41:08.738065 #15436] DEBUG -- : REQUESTING PAGE: GET /about with {} and HTTP headers {}
D, [2013-09-29T07:41:08.781439 #15436] DEBUG -- : REQUESTING PAGE: GET /contact with {} and HTTP headers {}
D, [2013-09-29T07:42:46.781951 #15445] DEBUG -- : REQUESTING PAGE: GET /contact with {} and HTTP headers {}
D, [2013-09-29T07:42:46.843243 #15445] DEBUG -- : REQUESTING PAGE: GET /about with {} and HTTP headers {}
D, [2013-09-29T07:53:17.614984 #15541] DEBUG -- : REQUESTING PAGE: GET /about with {} and HTTP headers {}
D, [2013-09-29T07:53:17.670738 #15541] DEBUG -- : REQUESTING PAGE: GET /contact with {} and HTTP headers {}
D, [2013-09-29T08:27:07.800675 #16072] DEBUG -- : REQUESTING PAGE: GET /contact with {} and HTTP headers {}
D, [2013-09-29T08:27:07.853557 #16072] DEBUG -- : REQUESTING PAGE: GET /about with {} and HTTP headers {}
D, [2013-09-29T08:35:20.387202 #16110] DEBUG -- : REQUESTING PAGE: GET /contact with {} and HTTP headers {}
D, [2013-09-29T08:35:20.454513 #16110] DEBUG -- : REQUESTING PAGE: GET /about with {} and HTTP headers {}
D, [2013-09-29T08:36:44.639028 #16119] DEBUG -- : REQUESTING PAGE: GET /contact with {} and HTTP headers {}
D, [2013-09-29T08:36:44.695282 #16119] DEBUG -- : REQUESTING PAGE: GET /about with {} and HTTP headers {}
D, [2013-09-29T08:39:33.819777 #16132] DEBUG -- : REQUESTING PAGE: GET /about with {} and HTTP headers {}
D, [2013-09-29T08:39:33.859392 #16132] DEBUG -- : REQUESTING PAGE: GET /contact with {} and HTTP headers {}
D, [2013-09-29T08:39:56.512981 #16141] DEBUG -- : REQUESTING PAGE: GET /about with {} and HTTP headers {}
D, [2013-09-29T08:39:56.552148 #16141] DEBUG -- : REQUESTING PAGE: GET /contact with {} and HTTP headers {}
D, [2013-09-29T09:04:27.046971 #16272] DEBUG -- : REQUESTING PAGE: GET /about with {} and HTTP headers {}
D, [2013-09-29T09:04:27.098872 #16272] DEBUG -- : REQUESTING PAGE: GET /contact with {} and HTTP headers {}
D, [2013-09-29T09:04:47.225771 #16282] DEBUG -- : REQUESTING PAGE: GET /about with {} and HTTP headers {}
D, [2013-09-29T09:04:47.280737 #16282] DEBUG -- : REQUESTING PAGE: GET /contact with {} and HTTP headers {}
D, [2013-09-29T09:08:50.306694 #16293] DEBUG -- : REQUESTING PAGE: GET /about with {} and HTTP headers {}
D, [2013-09-29T09:08:50.372809 #16293] DEBUG -- : REQUESTING PAGE: GET /contact with {} and HTTP headers {}
D, [2013-09-29T09:18:04.255975 #16321] DEBUG -- : REQUESTING PAGE: GET /about with {} and HTTP headers {}
D, [2013-09-29T09:18:04.295599 #16321] DEBUG -- : REQUESTING PAGE: GET /contact with {} and HTTP headers {}
D, [2013-09-29T09:18:17.979224 #16330] DEBUG -- : REQUESTING PAGE: GET /about with {} and HTTP headers {}
D, [2013-09-29T09:18:18.031610 #16330] DEBUG -- : REQUESTING PAGE: GET /contact with {} and HTTP headers {}
D, [2013-09-29T09:19:37.231300 #16349] DEBUG -- : REQUESTING PAGE: GET /about with {} and HTTP headers {}
D, [2013-09-29T09:19:37.283563 #16349] DEBUG -- : REQUESTING PAGE: GET /contact with {} and HTTP headers {}
D, [2013-09-29T09:20:19.527229 #16358] DEBUG -- : REQUESTING PAGE: GET /about with {} and HTTP headers {}
D, [2013-09-29T09:20:19.580132 #16358] DEBUG -- : REQUESTING PAGE: GET /contact with {} and HTTP headers {}
D, [2013-09-29T09:28:31.515220 #16443] DEBUG -- : REQUESTING PAGE: GET /about with {} and HTTP headers {}
D, [2013-09-29T09:28:31.553051 #16443] DEBUG -- : REQUESTING PAGE: GET /contact with {} and HTTP headers {}
D, [2013-09-29T09:29:51.696240 #16466] DEBUG -- : REQUESTING PAGE: GET /contact with {} and HTTP headers {}
D, [2013-09-29T09:29:51.737393 #16466] DEBUG -- : REQUESTING PAGE: GET /about with {} and HTTP headers {}
D, [2013-09-29T15:57:47.625978 #4583] DEBUG -- : REQUESTING PAGE: GET /about with {} and HTTP headers {}
D, [2013-09-29T15:57:47.753990 #4583] DEBUG -- : REQUESTING PAGE: GET /contact with {} and HTTP headers {}
D, [2013-09-29T15:59:14.497062 #4605] DEBUG -- : REQUESTING PAGE: GET /about with {} and HTTP headers {}
D, [2013-09-29T15:59:14.535388 #4605] DEBUG -- : REQUESTING PAGE: GET /contact with {} and HTTP headers {}
D, [2013-09-29T15:59:29.522280 #4618] DEBUG -- : REQUESTING PAGE: GET /about with {} and HTTP headers {}
D, [2013-09-29T15:59:29.577199 #4618] DEBUG -- : REQUESTING PAGE: GET /contact with {} and HTTP headers {}
D, [2013-09-29T15:59:59.237215 #4652] DEBUG -- : REQUESTING PAGE: GET /contact with {} and HTTP headers {}
D, [2013-09-29T15:59:59.302386 #4652] DEBUG -- : REQUESTING PAGE: GET /about with {} and HTTP headers {}
D, [2013-09-29T22:09:23.909986 #3216] DEBUG -- : REQUESTING PAGE: GET /about with {} and HTTP headers {}
D, [2013-09-29T22:09:24.047698 #3216] DEBUG -- : REQUESTING PAGE: GET /contact with {} and HTTP headers {}
D, [2013-09-29T22:28:54.087304 #3638] DEBUG -- : REQUESTING PAGE: GET /users/1 with {} and HTTP headers {}
D, [2013-09-29T22:28:54.201731 #3638] DEBUG -- : REQUESTING PAGE: GET /users/1 with {} and HTTP headers {}
D, [2013-09-29T22:28:54.218514 #3638] DEBUG -- : REQUESTING PAGE: GET /signup with {} and HTTP headers {}
D, [2013-09-29T22:28:54.234692 #3638] DEBUG -- : REQUESTING PAGE: GET /signup with {} and HTTP headers {}
D, [2013-09-29T22:28:54.249577 #3638] DEBUG -- : REQUESTING PAGE: GET /about with {} and HTTP headers {}
D, [2013-09-29T22:28:54.267622 #3638] DEBUG -- : REQUESTING PAGE: GET /contact with {} and HTTP headers {}
D, [2013-09-29T22:31:47.680005 #3705] DEBUG -- : REQUESTING PAGE: GET /about with {} and HTTP headers {}
D, [2013-09-29T22:31:47.718803 #3705] DEBUG -- : REQUESTING PAGE: GET /contact with {} and HTTP headers {}
D, [2013-09-29T22:31:47.877256 #3705] DEBUG -- : REQUESTING PAGE: GET /users/1 with {} and HTTP headers {}
D, [2013-09-29T22:31:47.900355 #3705] DEBUG -- : REQUESTING PAGE: GET /users/1 with {} and HTTP headers {}
D, [2013-09-29T22:31:47.916638 #3705] DEBUG -- : REQUESTING PAGE: GET /signup with {} and HTTP headers {}
D, [2013-09-29T22:31:47.963075 #3705] DEBUG -- : REQUESTING PAGE: GET /signup with {} and HTTP headers {}
D, [2013-09-29T22:32:35.331257 #3757] DEBUG -- : REQUESTING PAGE: GET /users/1 with {} and HTTP headers {}
D, [2013-09-29T22:32:35.376190 #3757] DEBUG -- : REQUESTING PAGE: GET /users/1 with {} and HTTP headers {}
D, [2013-09-29T22:32:35.392937 #3757] DEBUG -- : REQUESTING PAGE: GET /signup with {} and HTTP headers {}
D, [2013-09-29T22:32:35.410682 #3757] DEBUG -- : REQUESTING PAGE: GET /signup with {} and HTTP headers {}
D, [2013-09-29T22:32:35.425816 #3757] DEBUG -- : REQUESTING PAGE: GET /about with {} and HTTP headers {}
D, [2013-09-29T22:32:35.442834 #3757] DEBUG -- : REQUESTING PAGE: GET /contact with {} and HTTP headers {}
D, [2013-09-29T22:34:04.404598 #3772] DEBUG -- : REQUESTING PAGE: GET /about with {} and HTTP headers {}
D, [2013-09-29T22:34:04.443260 #3772] DEBUG -- : REQUESTING PAGE: GET /contact with {} and HTTP headers {}
D, [2013-09-29T22:34:04.514219 #3772] DEBUG -- : REQUESTING PAGE: GET /users/1 with {} and HTTP headers {}
D, [2013-09-29T22:34:04.538327 #3772] DEBUG -- : REQUESTING PAGE: GET /users/1 with {} and HTTP headers {}
D, [2013-09-29T22:34:04.554364 #3772] DEBUG -- : REQUESTING PAGE: GET /signup with {} and HTTP headers {}
D, [2013-09-29T22:34:04.571729 #3772] DEBUG -- : REQUESTING PAGE: GET /signup with {} and HTTP headers {}
D, [2013-09-29T22:38:35.635756 #3791] DEBUG -- : REQUESTING PAGE: GET /contact with {} and HTTP headers {}
D, [2013-09-29T22:38:35.688497 #3791] DEBUG -- : REQUESTING PAGE: GET /about with {} and HTTP headers {}
D, [2013-09-29T22:38:35.844761 #3791] DEBUG -- : REQUESTING PAGE: GET /signup with {} and HTTP headers {}
D, [2013-09-29T22:38:35.863584 #3791] DEBUG -- : REQUESTING PAGE: GET /signup with {} and HTTP headers {}
D, [2013-09-29T22:38:35.884164 #3791] DEBUG -- : REQUESTING PAGE: GET /users/1 with {} and HTTP headers {}
D, [2013-09-29T22:38:35.905266 #3791] DEBUG -- : REQUESTING PAGE: GET /users/1 with {} and HTTP headers {}
D, [2013-09-29T22:58:44.990394 #3967] DEBUG -- : REQUESTING PAGE: GET /users/1 with {} and HTTP headers {}
D, [2013-09-29T22:58:45.076100 #3967] DEBUG -- : REQUESTING PAGE: GET /users/1 with {} and HTTP headers {}
D, [2013-09-29T22:58:45.092600 #3967] DEBUG -- : REQUESTING PAGE: GET /signup with {} and HTTP headers {}
D, [2013-09-29T22:58:45.110162 #3967] DEBUG -- : REQUESTING PAGE: GET /signup with {} and HTTP headers {}
D, [2013-09-29T22:58:45.164377 #3967] DEBUG -- : REQUESTING PAGE: GET /about with {} and HTTP headers {}
D, [2013-09-29T22:58:45.213400 #3967] DEBUG -- : REQUESTING PAGE: GET /contact with {} and HTTP headers {}
D, [2013-09-30T00:38:07.609527 #5432] DEBUG -- : REQUESTING PAGE: GET /contact with {} and HTTP headers {}
D, [2013-09-30T00:38:07.657391 #5432] DEBUG -- : REQUESTING PAGE: GET /about with {} and HTTP headers {}
D, [2013-09-30T00:38:07.817789 #5432] DEBUG -- : REQUESTING PAGE: GET /signup with {} and HTTP headers {}
D, [2013-09-30T00:38:07.834848 #5432] DEBUG -- : REQUESTING PAGE: GET /signup with {} and HTTP headers {}
D, [2013-09-30T00:38:07.915021 #5432] DEBUG -- : REQUESTING PAGE: GET /signup with {} and HTTP headers {}
D, [2013-09-30T00:38:07.928171 #5432] DEBUG -- : REQUESTING PAGE: GET /signup with {} and HTTP headers {}
D, [2013-09-30T00:38:07.946108 #5432] DEBUG -- : REQUESTING PAGE: GET /users/1 with {} and HTTP headers {}
D, [2013-09-30T00:38:07.963469 #5432] DEBUG -- : REQUESTING PAGE: GET /users/1 with {} and HTTP headers {}
D, [2013-09-30T00:46:25.106937 #5630] DEBUG -- : REQUESTING PAGE: GET /signup with {} and HTTP headers {}
D, [2013-09-30T00:46:25.163141 #5630] DEBUG -- : REQUESTING PAGE: GET /signup with {} and HTTP headers {}
D, [2013-09-30T00:47:13.400218 #5681] DEBUG -- : REQUESTING PAGE: GET /users/1 with {} and HTTP headers {}
D, [2013-09-30T00:47:13.466527 #5681] DEBUG -- : REQUESTING PAGE: GET /users/1 with {} and HTTP headers {}
D, [2013-09-30T00:47:13.480748 #5681] DEBUG -- : REQUESTING PAGE: GET /signup with {} and HTTP headers {}
D, [2013-09-30T00:47:13.487379 #5681] DEBUG -- : REQUESTING PAGE: GET /signup with {} and HTTP headers {}
D, [2013-09-30T00:47:13.517792 #5681] DEBUG -- : REQUESTING PAGE: GET /signup with {} and HTTP headers {}
D, [2013-09-30T00:47:13.521883 #5681] DEBUG -- : REQUESTING PAGE: GET /signup with {} and HTTP headers {}
D, [2013-09-30T22:35:10.524277 #3491] DEBUG -- : REQUESTING PAGE: GET /about with {} and HTTP headers {}
D, [2013-09-30T22:35:10.579368 #3491] DEBUG -- : REQUESTING PAGE: GET /contact with {} and HTTP headers {}
D, [2013-09-30T22:35:10.596309 #3491] DEBUG -- : REQUESTING PAGE: GET /users/1 with {} and HTTP headers {}
D, [2013-09-30T22:35:10.630269 #3491] DEBUG -- : REQUESTING PAGE: GET /users/1 with {} and HTTP headers {}
D, [2013-09-30T22:35:10.644700 #3491] DEBUG -- : REQUESTING PAGE: GET /signup with {} and HTTP headers {}
D, [2013-09-30T22:35:10.694484 #3491] DEBUG -- : REQUESTING PAGE: GET /signup with {} and HTTP headers {}
D, [2013-09-30T22:35:10.699333 #3491] DEBUG -- : REQUESTING PAGE: GET /signup with {} and HTTP headers {}
D, [2013-09-30T22:35:10.703786 #3491] DEBUG -- : REQUESTING PAGE: GET /signup with {} and HTTP headers {}
D, [2013-10-05T10:06:19.099767 #2584] DEBUG -- : REQUESTING PAGE: GET /contact with {} and HTTP headers {}
D, [2013-10-05T10:06:19.167460 #2584] DEBUG -- : REQUESTING PAGE: GET /about with {} and HTTP headers {}
D, [2013-10-05T10:06:19.197255 #2584] DEBUG -- : REQUESTING PAGE: GET /users/1 with {} and HTTP headers {}
D, [2013-10-05T10:06:19.235699 #2584] DEBUG -- : REQUESTING PAGE: GET /users/1 with {} and HTTP headers {}
D, [2013-10-05T10:06:19.253283 #2584] DEBUG -- : REQUESTING PAGE: GET /signup with {} and HTTP headers {}
D, [2013-10-05T10:06:19.344640 #2584] DEBUG -- : REQUESTING PAGE: GET /signup with {} and HTTP headers {}
D, [2013-10-05T10:06:19.362490 #2584] DEBUG -- : REQUESTING PAGE: GET /signup with {} and HTTP headers {}
D, [2013-10-05T10:06:19.384443 #2584] DEBUG -- : REQUESTING PAGE: POST /users with {"utf8"=>"✓", "user"=>{"name"=>"Example User", "email"=>"user@example.com", "password"=>"foobar", "password_confirmation"=>"foobar"}, "commit"=>"Create my account"} and HTTP headers {"HTTP_REFERER"=>"/signup"}
D, [2013-10-05T10:06:19.392713 #2584] DEBUG -- : REQUESTING PAGE: GET http://www.example.com/users/1 with {} and HTTP headers {"HTTP_REFERER"=>"/users"}
D, [2013-10-05T10:06:19.410244 #2584] DEBUG -- : REQUESTING PAGE: GET /signup with {} and HTTP headers {}
D, [2013-10-05T10:06:19.427604 #2584] DEBUG -- : REQUESTING PAGE: POST /users with {"utf8"=>"✓", "user"=>{"name"=>"", "email"=>"", "password"=>"", "password_confirmation"=>""}, "commit"=>"Create my account"} and HTTP headers {"HTTP_REFERER"=>"/signup"}
